

*******************************************************************************
Thu Sep 30 14:19:30 2021


FIT:    data read from "output.txt"
        format = z
        #datapoints = 20
        residuals are weighted equally (unit weight)

function used for fitting: y(x)
	y(x) = a0 + a1 * x + a2 * x**2
fitted parameters initialized with current variable values

iter      chisq       delta/lim  lambda   a0            a1            a2           
   0 3.4444332968e+15   0.00e+00  7.58e+06    1.000000e+00   1.000000e-01   1.000000e+00
  10 4.4530108277e+00  -2.97e-01  7.58e-04    3.747622e-01  -2.931523e-04   2.487182e-07

After 10 iterations the fit converged.
final sum of squares of residuals : 4.45301
rel. change during last iteration : -2.97442e-06

degrees of freedom    (FIT_NDF)                        : 17
rms of residuals      (FIT_STDFIT) = sqrt(WSSR/ndf)    : 0.511803
variance of residuals (reduced chisquare) = WSSR/ndf   : 0.261942

Final set of parameters            Asymptotic Standard Error
=======================            ==========================
a0              = 0.374762         +/- 0.8643       (230.6%)
a1              = -0.000293152     +/- 0.0006069    (207%)
a2              = 2.48718e-07      +/- 9.657e-08    (38.83%)

correlation matrix of the fit parameters:
                a0     a1     a2     
a0              1.000 
a1             -0.971  1.000 
a2              0.925 -0.987  1.000 


*******************************************************************************
Thu Sep 30 15:03:33 2021


FIT:    data read from "output.txt"
        format = z
        #datapoints = 44
        residuals are weighted equally (unit weight)

function used for fitting: y(x)
	y(x) = a0 + a1 * x + a2 * x**2
fitted parameters initialized with current variable values

iter      chisq       delta/lim  lambda   a0            a1            a2           
   0 1.5183458932e+12   0.00e+00  1.07e+05    1.000000e+00   1.000000e-01   1.000000e+00
   9 2.2474502785e-03  -2.03e-06  1.07e-04    7.823864e-04  -1.438487e-05   1.752852e-07

After 9 iterations the fit converged.
final sum of squares of residuals : 0.00224745
rel. change during last iteration : -2.03183e-11

degrees of freedom    (FIT_NDF)                        : 41
rms of residuals      (FIT_STDFIT) = sqrt(WSSR/ndf)    : 0.00740377
variance of residuals (reduced chisquare) = WSSR/ndf   : 5.48159e-05

Final set of parameters            Asymptotic Standard Error
=======================            ==========================
a0              = 0.000782386      +/- 0.005625     (719%)
a1              = -1.43849e-05     +/- 3.608e-05    (250.8%)
a2              = 1.75285e-07      +/- 5.055e-08    (28.84%)

correlation matrix of the fit parameters:
                a0     a1     a2     
a0              1.000 
a1             -0.945  1.000 
a2              0.876 -0.981  1.000 


*******************************************************************************
Thu Sep 30 15:09:09 2021


FIT:    data read from "output.txt"
        format = z
        #datapoints = 11
        residuals are weighted equally (unit weight)

function used for fitting: y(x)
	y(x) = a0 + a1 * x + a2 * x**2
fitted parameters initialized with current variable values

iter      chisq       delta/lim  lambda   a0            a1            a2           
   0 3.7958647340e+11   0.00e+00  1.07e+05    1.000000e+00   1.000000e-01   1.000000e+00
   9 4.9833663530e-04  -1.91e-03  1.07e-04    7.920001e-05  -2.139862e-05   1.922172e-07

After 9 iterations the fit converged.
final sum of squares of residuals : 0.000498337
rel. change during last iteration : -1.90941e-08

degrees of freedom    (FIT_NDF)                        : 8
rms of residuals      (FIT_STDFIT) = sqrt(WSSR/ndf)    : 0.00789253
variance of residuals (reduced chisquare) = WSSR/ndf   : 6.22921e-05

Final set of parameters            Asymptotic Standard Error
=======================            ==========================
a0              = 7.92e-05         +/- 0.01199      (1.514e+04%)
a1              = -2.13986e-05     +/- 7.693e-05    (359.5%)
a2              = 1.92217e-07      +/- 1.078e-07    (56.07%)

correlation matrix of the fit parameters:
                a0     a1     a2     
a0              1.000 
a1             -0.945  1.000 
a2              0.876 -0.981  1.000 


*******************************************************************************
Thu Sep 30 15:24:21 2021


FIT:    data read from "output.txt"
        format = z
        #datapoints = 21
        residuals are weighted equally (unit weight)

function used for fitting: y(x)
	y(x) = a0 + a1 * x + a2 * x**2
fitted parameters initialized with current variable values

iter      chisq       delta/lim  lambda   a0            a1            a2           
   0 3.4454335683e+15   0.00e+00  7.40e+06    1.000000e+00   1.000000e-01   1.000000e+00
  11 2.9654308486e+00  -1.93e-08  7.40e-05   -8.973411e-01   8.301180e-04   4.446443e-08

After 11 iterations the fit converged.
final sum of squares of residuals : 2.96543
rel. change during last iteration : -1.92885e-13

degrees of freedom    (FIT_NDF)                        : 18
rms of residuals      (FIT_STDFIT) = sqrt(WSSR/ndf)    : 0.405889
variance of residuals (reduced chisquare) = WSSR/ndf   : 0.164746

Final set of parameters            Asymptotic Standard Error
=======================            ==========================
a0              = -0.897341        +/- 0.5626       (62.69%)
a1              = 0.000830118      +/- 0.000413     (49.75%)
a2              = 4.44644e-08      +/- 6.775e-08    (152.4%)

correlation matrix of the fit parameters:
                a0     a1     a2     
a0              1.000 
a1             -0.962  1.000 
a2              0.907 -0.984  1.000 


*******************************************************************************
Thu Sep 30 17:18:24 2021


FIT:    data read from "output.txt"
        format = z
        #datapoints = 21
        residuals are weighted equally (unit weight)

function used for fitting: y(x)
	y(x) = a0 + a1 * x + a2 * x**2
fitted parameters initialized with current variable values

iter      chisq       delta/lim  lambda   a0            a1            a2           
   0 3.4454217952e+15   0.00e+00  7.40e+06    1.000000e+00   1.000000e-01   1.000000e+00
  10 5.6094944684e+00  -1.75e-01  7.40e-04    1.686909e-01  -1.401206e-04   1.922746e-06

After 10 iterations the fit converged.
final sum of squares of residuals : 5.60949
rel. change during last iteration : -1.75461e-06

degrees of freedom    (FIT_NDF)                        : 18
rms of residuals      (FIT_STDFIT) = sqrt(WSSR/ndf)    : 0.558246
variance of residuals (reduced chisquare) = WSSR/ndf   : 0.311639

Final set of parameters            Asymptotic Standard Error
=======================            ==========================
a0              = 0.168691         +/- 0.7737       (458.7%)
a1              = -0.000140121     +/- 0.0005681    (405.4%)
a2              = 1.92275e-06      +/- 9.318e-08    (4.846%)

correlation matrix of the fit parameters:
                a0     a1     a2     
a0              1.000 
a1             -0.962  1.000 
a2              0.907 -0.984  1.000 


*******************************************************************************
Thu Sep 30 21:29:48 2021


FIT:    data read from "output.txt"
        format = z
        #datapoints = 30
        residuals are weighted equally (unit weight)

function used for fitting: y(x)
	y(x) = a0 + a1 * x + a2 * x**2
fitted parameters initialized with current variable values

iter      chisq       delta/lim  lambda   a0            a1            a2           
   0 3.4609046541e+15   0.00e+00  6.20e+06    1.000000e+00   1.000000e-01   1.000000e+00
  10 7.0030605476e+00  -4.05e-04  6.20e-04   -1.103146e-01   6.203455e-05   1.883440e-07

After 10 iterations the fit converged.
final sum of squares of residuals : 7.00306
rel. change during last iteration : -4.05468e-09

degrees of freedom    (FIT_NDF)                        : 27
rms of residuals      (FIT_STDFIT) = sqrt(WSSR/ndf)    : 0.509286
variance of residuals (reduced chisquare) = WSSR/ndf   : 0.259373

Final set of parameters            Asymptotic Standard Error
=======================            ==========================
a0              = -0.110315        +/- 0.2549       (231.1%)
a1              = 6.20345e-05      +/- 0.0002374    (382.7%)
a2              = 1.88344e-07      +/- 4.597e-08    (24.41%)

correlation matrix of the fit parameters:
                a0     a1     a2     
a0              1.000 
a1             -0.855  1.000 
a2              0.726 -0.964  1.000 


*******************************************************************************
Fri Oct 22 18:26:52 2021


FIT:    data read from "data.txt"
        format = z
BREAK: No data to fit

*******************************************************************************
Fri Oct 22 18:59:55 2021


FIT:    data read from "data.txt"
        format = z
        #datapoints = 2
        residuals are weighted equally (unit weight)

function used for fitting: y(x)
	y(x) = a0 + a1 * x + a2 * x**2
fitted parameters initialized with current variable values

BREAK: Number of data points smaller than number of parameters

*******************************************************************************
Fri Oct 22 19:32:23 2021


FIT:    data read from "data.txt"
        format = z
        #datapoints = 4
        residuals are weighted equally (unit weight)

function used for fitting: y(x)
	y(x) = a0 + a1 * x + a2 * x**2
fitted parameters initialized with current variable values

iter      chisq       delta/lim  lambda   a0            a1            a2           
   0 4.0008059655e+12   0.00e+00  5.77e+05    1.000000e+00   1.000000e-01   1.000000e+00
   5 2.8994210413e-02   0.00e+00  5.77e+00    9.999990e-01   9.999000e-02  -1.007306e-04

After 5 iterations the fit converged.
final sum of squares of residuals : 0.0289942
rel. change during last iteration : 0

degrees of freedom    (FIT_NDF)                        : 1
rms of residuals      (FIT_STDFIT) = sqrt(WSSR/ndf)    : 0.170277
variance of residuals (reduced chisquare) = WSSR/ndf   : 0.0289942

Final set of parameters            Asymptotic Standard Error
=======================            ==========================
a0              = 0.999999         +/- 1.891e+15    (1.891e+17%)
a1              = 0.09999          +/- 1.198e+12    (1.198e+15%)
a2              = -0.000100731     +/- 1.463e+09    (1.452e+15%)

correlation matrix of the fit parameters:
                a0     a1     a2     
a0              1.000 
a1             -0.634  1.000 
a2             -0.774  0.000  1.000 


*******************************************************************************
Fri Oct 22 19:38:52 2021


FIT:    data read from "data.txt"
        format = z
        #datapoints = 25
        residuals are weighted equally (unit weight)

function used for fitting: y(x)
	y(x) = a0 + a1 * x + a2 * x**2
fitted parameters initialized with current variable values

iter      chisq       delta/lim  lambda   a0            a1            a2           
   0 3.4494333332e+15   0.00e+00  6.78e+06    1.000000e+00   1.000000e-01   1.000000e+00
  10 1.0619950539e+01  -1.52e-04  6.78e-04    8.940573e-01  -1.118834e-03   5.587254e-07

After 10 iterations the fit converged.
final sum of squares of residuals : 10.62
rel. change during last iteration : -1.52067e-09

degrees of freedom    (FIT_NDF)                        : 22
rms of residuals      (FIT_STDFIT) = sqrt(WSSR/ndf)    : 0.694784
variance of residuals (reduced chisquare) = WSSR/ndf   : 0.482725

Final set of parameters            Asymptotic Standard Error
=======================            ==========================
a0              = 0.894057         +/- 0.6709       (75.04%)
a1              = -0.00111883      +/- 0.0005567    (49.76%)
a2              = 5.58725e-07      +/- 9.738e-08    (17.43%)

correlation matrix of the fit parameters:
                a0     a1     a2     
a0              1.000 
a1             -0.947  1.000 
a2              0.885 -0.982  1.000 


*******************************************************************************
Fri Oct 22 19:40:48 2021


FIT:    data read from "data.txt"
        format = z
        #datapoints = 30
        residuals are weighted equally (unit weight)

function used for fitting: y(x)
	y(x) = a0 + a1 * x + a2 * x**2
fitted parameters initialized with current variable values

iter      chisq       delta/lim  lambda   a0            a1            a2           
   0 3.4734028206e+15   0.00e+00  6.21e+06    1.000000e+00   1.000000e-01   1.000000e+00
  10 1.0751229221e+01  -9.11e-05  6.21e-04    8.655417e-01  -1.075184e-03   5.501692e-07

After 10 iterations the fit converged.
final sum of squares of residuals : 10.7512
rel. change during last iteration : -9.10627e-10

degrees of freedom    (FIT_NDF)                        : 27
rms of residuals      (FIT_STDFIT) = sqrt(WSSR/ndf)    : 0.631026
variance of residuals (reduced chisquare) = WSSR/ndf   : 0.398194

Final set of parameters            Asymptotic Standard Error
=======================            ==========================
a0              = 0.865542         +/- 0.5639       (65.15%)
a1              = -0.00107518      +/- 0.0004847    (45.08%)
a2              = 5.50169e-07      +/- 8.565e-08    (15.57%)

correlation matrix of the fit parameters:
                a0     a1     a2     
a0              1.000 
a1             -0.955  1.000 
a2              0.900 -0.983  1.000 


*******************************************************************************
Fri Oct 22 19:42:00 2021


FIT:    data read from "data.txt"
        format = z
        #datapoints = 35
        residuals are weighted equally (unit weight)

function used for fitting: y(x)
	y(x) = a0 + a1 * x + a2 * x**2
fitted parameters initialized with current variable values

iter      chisq       delta/lim  lambda   a0            a1            a2           
   0 3.4973722980e+15   0.00e+00  5.77e+06    1.000000e+00   1.000000e-01   1.000000e+00
  10 1.2664290702e+01  -7.25e-05  5.77e-04    8.061267e-01  -9.405197e-04   5.222040e-07

After 10 iterations the fit converged.
final sum of squares of residuals : 12.6643
rel. change during last iteration : -7.24962e-10

degrees of freedom    (FIT_NDF)                        : 32
rms of residuals      (FIT_STDFIT) = sqrt(WSSR/ndf)    : 0.629094
variance of residuals (reduced chisquare) = WSSR/ndf   : 0.395759

Final set of parameters            Asymptotic Standard Error
=======================            ==========================
a0              = 0.806127         +/- 0.5314       (65.92%)
a1              = -0.00094052      +/- 0.0004667    (49.62%)
a2              = 5.22204e-07      +/- 8.301e-08    (15.9%)

correlation matrix of the fit parameters:
                a0     a1     a2     
a0              1.000 
a1             -0.960  1.000 
a2              0.910 -0.984  1.000 


*******************************************************************************
Fri Oct 22 19:43:26 2021


FIT:    data read from "data.txt"
        format = z
        #datapoints = 39
        residuals are weighted equally (unit weight)

function used for fitting: y(x)
	y(x) = a0 + a1 * x + a2 * x**2
fitted parameters initialized with current variable values

iter      chisq       delta/lim  lambda   a0            a1            a2           
   0 3.8513921266e+15   0.00e+00  5.74e+06    1.000000e+00   1.000000e-01   1.000000e+00
  10 1.3166584507e+01  -9.24e-05  5.74e-04    7.363612e-01  -8.570049e-04   5.061695e-07

After 10 iterations the fit converged.
final sum of squares of residuals : 13.1666
rel. change during last iteration : -9.24034e-10

degrees of freedom    (FIT_NDF)                        : 36
rms of residuals      (FIT_STDFIT) = sqrt(WSSR/ndf)    : 0.604763
variance of residuals (reduced chisquare) = WSSR/ndf   : 0.365738

Final set of parameters            Asymptotic Standard Error
=======================            ==========================
a0              = 0.736361         +/- 0.4822       (65.48%)
a1              = -0.000857005     +/- 0.0004228    (49.33%)
a2              = 5.0617e-07       +/- 7.583e-08    (14.98%)

correlation matrix of the fit parameters:
                a0     a1     a2     
a0              1.000 
a1             -0.959  1.000 
a2              0.906 -0.983  1.000 


*******************************************************************************
Fri Oct 22 19:45:33 2021


FIT:    data read from "data.txt"
        format = z
        #datapoints = 9
        residuals are weighted equally (unit weight)

function used for fitting: y(x)
	y(x) = a0 + a1 * x + a2 * x**2
fitted parameters initialized with current variable values

iter      chisq       delta/lim  lambda   a0            a1            a2           
   0 1.3330642723e+15   0.00e+00  7.03e+06    1.000000e+00   1.000000e-01   1.000000e+00
  10 1.4688552020e+00  -2.57e-03  7.03e-04    1.039156e+00  -9.556541e-04   5.037755e-07

After 10 iterations the fit converged.
final sum of squares of residuals : 1.46886
rel. change during last iteration : -2.56841e-08

degrees of freedom    (FIT_NDF)                        : 6
rms of residuals      (FIT_STDFIT) = sqrt(WSSR/ndf)    : 0.494782
variance of residuals (reduced chisquare) = WSSR/ndf   : 0.244809

Final set of parameters            Asymptotic Standard Error
=======================            ==========================
a0              = 1.03916          +/- 0.7763       (74.7%)
a1              = -0.000955654     +/- 0.0006119    (64.03%)
a2              = 5.03776e-07      +/- 1.048e-07    (20.8%)

correlation matrix of the fit parameters:
                a0     a1     a2     
a0              1.000 
a1             -0.942  1.000 
a2              0.868 -0.979  1.000 
